@START 2018-09-05T16:35:24.328Z
[2018-09-05T16:35:36.563Z][MAIN  ][DEBUG][Plugin/network-monitor] ===================================================
[2018-09-05T16:35:36.563Z][MAIN  ][DEBUG][Plugin/network-monitor] [2018-09-05T16:35:36.561Z]
[2018-09-05T16:35:36.563Z][MAIN  ][DEBUG][Plugin/network-monitor] > POST "http://203.104.209.39/kcsapi/api_req_member/get_incentive"
[2018-09-05T16:35:36.564Z][MAIN  ][DEBUG][Plugin/network-monitor] > params = { api_token: '387903198c04121aa3f13249dbaf5ecf9a9cbfc3',
  api_verno: '1' }
[2018-09-05T16:35:36.565Z][MAIN  ][DEBUG][Plugin/network-monitor] > response (json) = { api_result: 1,
  api_result_msg: '成功',
  api_data: { api_count: 0 } }
[2018-09-05T16:35:36.565Z][MAIN  ][DEBUG][Plugin/network-monitor] ===================================================
[2018-09-05T16:35:38.124Z][MAIN  ][DEBUG][Plugin/network-monitor] ===================================================
[2018-09-05T16:35:38.124Z][MAIN  ][DEBUG][Plugin/network-monitor] [2018-09-05T16:35:38.124Z]
[2018-09-05T16:35:38.124Z][MAIN  ][DEBUG][Plugin/network-monitor] > POST "http://203.104.209.39/kcsapi/api_get_member/require_info"
[2018-09-05T16:35:38.124Z][MAIN  ][DEBUG][Plugin/network-monitor] > params = { api_token: '387903198c04121aa3f13249dbaf5ecf9a9cbfc3',
  api_verno: '1' }
[2018-09-05T16:35:38.127Z][MAIN  ][DEBUG][Plugin/network-monitor] > response (json) = { api_result: 1,
  api_result_msg: '成功',
  api_data: 
   { api_basic: { api_member_id: 18031748, api_firstflag: 1 },
     api_slot_item: 
      [         ... 1059 more items ],
     api_unsetslot: 
      { api_slottype23: [Array],
        api_slottype31: [Array] },
     api_kdock: [ [Object], [Object], [Object], [Object] ],
     api_useitem: 
      [],
     api_furniture: 
      [         ... 162 more items ],
     api_extra_supply: [ 1, 0 ],
     api_oss_setting: { api_language_type: 0, api_oss_items: [Array] },
     api_skin_id: 201 } }
[2018-09-05T16:35:38.129Z][MAIN  ][DEBUG][Plugin/network-monitor] ===================================================
[2018-09-05T16:35:45.380Z][MAIN  ][DEBUG][Plugin/network-monitor] ===================================================
[2018-09-05T16:35:45.380Z][MAIN  ][DEBUG][Plugin/network-monitor] [2018-09-05T16:35:45.380Z]
[2018-09-05T16:35:45.380Z][MAIN  ][DEBUG][Plugin/network-monitor] > POST "http://203.104.209.39/kcsapi/api_port/port"
[2018-09-05T16:35:45.380Z][MAIN  ][DEBUG][Plugin/network-monitor] > params = { api_token: '387903198c04121aa3f13249dbaf5ecf9a9cbfc3',
  api_verno: '1',
  api_sort_key: '5',
  spi_sort_order: '2',
  api_port: '277484615793686294422658136350' }
[2018-09-05T16:35:45.384Z][MAIN  ][DEBUG][Plugin/network-monitor] > response (json) = { api_result: 1,
  api_result_msg: '成功',
  api_data: 
   { api_material: 
      [],
     api_deck_port: [ [Object], [Object], [Object], [Object] ],
     api_ndock: [ [Object], [Object], [Object], [Object] ],
     api_ship: 
      [         ... 162 more items ],
     api_basic: 
      { api_member_id: '18031748',
        api_nickname: 'ニィゥ',
        api_nickname_id: '121728058',
        api_active_flag: 1,
        api_starttime: 1536165329088,
        api_level: 120,
        api_rank: 2,
        api_experience: 30617538,
        api_fleetname: null,
        api_comment: '褒賞がないでも大丈夫ので',
        api_comment_id: '166425539',
        api_max_chara: 270,
        api_max_slotitem: 1197,
        api_max_kagu: 0,
        api_playtime: 0,
        api_tutorial: 0,
        api_furniture: [Array],
        api_count_deck: 4,
        api_count_kdock: 2,
        api_count_ndock: 4,
        api_fcoin: 11500,
        api_st_win: 66667,
        api_st_lose: 4007,
        api_ms_count: 27871,
        api_ms_success: 27630,
        api_pt_win: 10711,
        api_pt_lose: 880,
        api_pt_challenged: 0,
        api_pt_challenged_win: 0,
        api_firstflag: 1,
        api_tutorial_progress: 100,
        api_pvp: [Array],
        api_medals: 13,
        api_large_dock: 1 },
     api_log: [ [Object], [Object], [Object], [Object], [Object], [Object] ],
     api_p_bgm_id: 101,
     api_parallel_quest_count: 6,
     api_dest_ship_slot: 1 } }
[2018-09-05T16:35:45.384Z][MAIN  ][DEBUG][Plugin/network-monitor] ===================================================
[2018-09-05T16:37:17.531Z][MAIN  ][DEBUG][Plugin/network-monitor] ===================================================
[2018-09-05T16:37:17.531Z][MAIN  ][DEBUG][Plugin/network-monitor] [2018-09-05T16:37:17.531Z]
[2018-09-05T16:37:17.531Z][MAIN  ][DEBUG][Plugin/network-monitor] > POST "http://203.104.209.39/kcsapi/api_port/port"
[2018-09-05T16:37:17.531Z][MAIN  ][DEBUG][Plugin/network-monitor] > params = { api_token: '387903198c04121aa3f13249dbaf5ecf9a9cbfc3',
  api_verno: '1',
  api_sort_key: '5',
  spi_sort_order: '2',
  api_port: '797484613777664201221232336225' }
[2018-09-05T16:37:17.536Z][MAIN  ][DEBUG][Plugin/network-monitor] > response (json) = { api_result: 1,
  api_result_msg: '成功',
  api_data: 
   { api_material: 
      [],
     api_deck_port: [ [Object], [Object], [Object], [Object] ],
     api_ndock: [ [Object], [Object], [Object], [Object] ],
     api_ship: 
      [         ... 162 more items ],
     api_basic: 
      { api_member_id: '18031748',
        api_nickname: 'ニィゥ',
        api_nickname_id: '121728058',
        api_active_flag: 1,
        api_starttime: 1536165329088,
        api_level: 120,
        api_rank: 2,
        api_experience: 30617538,
        api_fleetname: null,
        api_comment: '褒賞がないでも大丈夫ので',
        api_comment_id: '166425539',
        api_max_chara: 270,
        api_max_slotitem: 1197,
        api_max_kagu: 0,
        api_playtime: 0,
        api_tutorial: 0,
        api_furniture: [Array],
        api_count_deck: 4,
        api_count_kdock: 2,
        api_count_ndock: 4,
        api_fcoin: 11500,
        api_st_win: 66667,
        api_st_lose: 4007,
        api_ms_count: 27871,
        api_ms_success: 27630,
        api_pt_win: 10711,
        api_pt_lose: 880,
        api_pt_challenged: 0,
        api_pt_challenged_win: 0,
        api_firstflag: 1,
        api_tutorial_progress: 100,
        api_pvp: [Array],
        api_medals: 13,
        api_large_dock: 1 },
     api_log: [ [Object], [Object], [Object], [Object], [Object], [Object] ],
     api_p_bgm_id: 101,
     api_parallel_quest_count: 6,
     api_dest_ship_slot: 1 } }
[2018-09-05T16:37:17.536Z][MAIN  ][DEBUG][Plugin/network-monitor] ===================================================
[2018-09-05T16:38:42.516Z][MAIN  ][DEBUG][Plugin/network-monitor] ===================================================
[2018-09-05T16:38:42.516Z][MAIN  ][DEBUG][Plugin/network-monitor] [2018-09-05T16:38:42.516Z]
[2018-09-05T16:38:42.516Z][MAIN  ][DEBUG][Plugin/network-monitor] > POST "http://203.104.209.39/kcsapi/api_get_member/preset_deck"
[2018-09-05T16:38:42.516Z][MAIN  ][DEBUG][Plugin/network-monitor] > params = { api_token: '387903198c04121aa3f13249dbaf5ecf9a9cbfc3',
  api_verno: '1' }
[2018-09-05T16:38:42.517Z][MAIN  ][DEBUG][Plugin/network-monitor] > response (json) = { api_result: 1,
  api_result_msg: '成功',
  api_data: { api_max_num: 5, api_deck: { '1': [Object], '2': [Object] } } }
[2018-09-05T16:38:42.517Z][MAIN  ][DEBUG][Plugin/network-monitor] ===================================================
[2018-09-05T16:39:01.687Z][MAIN  ][DEBUG][Plugin/network-monitor] ===================================================
[2018-09-05T16:39:01.687Z][MAIN  ][DEBUG][Plugin/network-monitor] [2018-09-05T16:39:01.687Z]
[2018-09-05T16:39:01.687Z][MAIN  ][DEBUG][Plugin/network-monitor] > POST "http://203.104.209.39/kcsapi/api_req_hensei/change"
[2018-09-05T16:39:01.687Z][MAIN  ][DEBUG][Plugin/network-monitor] > params = { api_token: '387903198c04121aa3f13249dbaf5ecf9a9cbfc3',
  api_verno: '1',
  api_id: '3',
  api_ship_idx: '5',
  api_ship_id: '-1' }
[2018-09-05T16:39:01.688Z][MAIN  ][DEBUG][Plugin/network-monitor] > response (json) = { api_result: 1, api_result_msg: '成功' }
[2018-09-05T16:39:01.688Z][MAIN  ][DEBUG][Plugin/network-monitor] ===================================================
[2018-09-05T16:39:12.731Z][MAIN  ][DEBUG][Plugin/network-monitor] ===================================================
[2018-09-05T16:39:12.731Z][MAIN  ][DEBUG][Plugin/network-monitor] [2018-09-05T16:39:12.731Z]
[2018-09-05T16:39:12.732Z][MAIN  ][DEBUG][Plugin/network-monitor] > POST "http://203.104.209.39/kcsapi/api_req_hensei/change"
[2018-09-05T16:39:12.732Z][MAIN  ][DEBUG][Plugin/network-monitor] > params = { api_token: '387903198c04121aa3f13249dbaf5ecf9a9cbfc3',
  api_verno: '1',
  api_id: '3',
  api_ship_idx: '1',
  api_ship_id: '-1' }
[2018-09-05T16:39:12.732Z][MAIN  ][DEBUG][Plugin/network-monitor] > response (json) = { api_result: 1, api_result_msg: '成功' }
[2018-09-05T16:39:12.732Z][MAIN  ][DEBUG][Plugin/network-monitor] ===================================================
[2018-09-05T16:39:15.687Z][MAIN  ][DEBUG][Plugin/network-monitor] ===================================================
[2018-09-05T16:39:15.687Z][MAIN  ][DEBUG][Plugin/network-monitor] [2018-09-05T16:39:15.687Z]
[2018-09-05T16:39:15.687Z][MAIN  ][DEBUG][Plugin/network-monitor] > POST "http://203.104.209.39/kcsapi/api_req_hensei/preset_select"
[2018-09-05T16:39:15.687Z][MAIN  ][DEBUG][Plugin/network-monitor] > params = { api_token: '387903198c04121aa3f13249dbaf5ecf9a9cbfc3',
  api_verno: '1',
  api_preset_no: '2',
  api_deck_id: '1' }
[2018-09-05T16:39:15.688Z][MAIN  ][DEBUG][Plugin/network-monitor] > response (json) = { api_result: 1,
  api_result_msg: '成功',
  api_data: 
   { api_member_id: 18031748,
     api_id: 1,
     api_name: '六駆喫茶店',
     api_name_id: '',
     api_mission: [ 0, 0, 0, 0 ],
     api_flagship: '0',
     api_ship: [ 24890, 16425, 39, 29, 1258, 8670 ] } }
[2018-09-05T16:39:15.688Z][MAIN  ][DEBUG][Plugin/network-monitor] ===================================================
[2018-09-05T16:39:24.454Z][MAIN  ][DEBUG][Plugin/network-monitor] ===================================================
[2018-09-05T16:39:24.454Z][MAIN  ][DEBUG][Plugin/network-monitor] [2018-09-05T16:39:24.454Z]
[2018-09-05T16:39:24.454Z][MAIN  ][DEBUG][Plugin/network-monitor] > POST "http://203.104.209.39/kcsapi/api_port/port"
[2018-09-05T16:39:24.454Z][MAIN  ][DEBUG][Plugin/network-monitor] > params = { api_token: '387903198c04121aa3f13249dbaf5ecf9a9cbfc3',
  api_verno: '1',
  api_sort_key: '5',
  spi_sort_order: '2',
  api_port: '047484659106168728539673762200' }
[2018-09-05T16:39:24.458Z][MAIN  ][DEBUG][Plugin/network-monitor] > response (json) = { api_result: 1,
  api_result_msg: '成功',
  api_data: 
   { api_material: 
      [],
     api_deck_port: [ [Object], [Object], [Object], [Object] ],
     api_ndock: [ [Object], [Object], [Object], [Object] ],
     api_ship: 
      [         ... 162 more items ],
     api_basic: 
      { api_member_id: '18031748',
        api_nickname: 'ニィゥ',
        api_nickname_id: '121728058',
        api_active_flag: 1,
        api_starttime: 1536165329088,
        api_level: 120,
        api_rank: 2,
        api_experience: 30617538,
        api_fleetname: null,
        api_comment: '褒賞がないでも大丈夫ので',
        api_comment_id: '166425539',
        api_max_chara: 270,
        api_max_slotitem: 1197,
        api_max_kagu: 0,
        api_playtime: 0,
        api_tutorial: 0,
        api_furniture: [Array],
        api_count_deck: 4,
        api_count_kdock: 2,
        api_count_ndock: 4,
        api_fcoin: 11500,
        api_st_win: 66667,
        api_st_lose: 4007,
        api_ms_count: 27871,
        api_ms_success: 27630,
        api_pt_win: 10711,
        api_pt_lose: 880,
        api_pt_challenged: 0,
        api_pt_challenged_win: 0,
        api_firstflag: 1,
        api_tutorial_progress: 100,
        api_pvp: [Array],
        api_medals: 13,
        api_large_dock: 1 },
     api_log: [ [Object], [Object], [Object], [Object], [Object], [Object] ],
     api_p_bgm_id: 101,
     api_parallel_quest_count: 6,
     api_dest_ship_slot: 1 } }
[2018-09-05T16:39:24.458Z][MAIN  ][DEBUG][Plugin/network-monitor] ===================================================
[2018-09-05T16:39:26.544Z][MAIN  ][DEBUG][Plugin/network-monitor] ===================================================
[2018-09-05T16:39:26.544Z][MAIN  ][DEBUG][Plugin/network-monitor] [2018-09-05T16:39:26.544Z]
[2018-09-05T16:39:26.544Z][MAIN  ][DEBUG][Plugin/network-monitor] > POST "http://203.104.209.39/kcsapi/api_get_member/mapinfo"
[2018-09-05T16:39:26.544Z][MAIN  ][DEBUG][Plugin/network-monitor] > params = { api_token: '387903198c04121aa3f13249dbaf5ecf9a9cbfc3',
  api_verno: '1' }
[2018-09-05T16:39:26.545Z][MAIN  ][DEBUG][Plugin/network-monitor] > response (json) = { api_result: 1,
  api_result_msg: '成功',
  api_data: 
   { api_map_info: 
      [],
     api_air_base: [ [Object], [Object] ] } }
[2018-09-05T16:39:26.546Z][MAIN  ][DEBUG][Plugin/network-monitor] ===================================================
[2018-09-05T16:39:28.746Z][MAIN  ][DEBUG][Plugin/network-monitor] ===================================================
[2018-09-05T16:39:28.746Z][MAIN  ][DEBUG][Plugin/network-monitor] [2018-09-05T16:39:28.746Z]
[2018-09-05T16:39:28.746Z][MAIN  ][DEBUG][Plugin/network-monitor] > POST "http://203.104.209.39/kcsapi/api_get_member/questlist"
[2018-09-05T16:39:28.746Z][MAIN  ][DEBUG][Plugin/network-monitor] > params = { api_token: '387903198c04121aa3f13249dbaf5ecf9a9cbfc3',
  api_verno: '1',
  api_page_no: '1',
  api_tab_id: '0' }
[2018-09-05T16:39:28.747Z][MAIN  ][DEBUG][Plugin/network-monitor] > response (json) = { api_result: 1,
  api_result_msg: '成功',
  api_data: 
   { api_count: 45,
     api_completed_kind: 0,
     api_page_count: 9,
     api_disp_page: 1,
     api_list: [ [Object], [Object], [Object], [Object], [Object] ],
     api_exec_count: 4,
     api_exec_type: 2384651 } }
[2018-09-05T16:39:28.747Z][MAIN  ][DEBUG][Plugin/network-monitor] ===================================================
[2018-09-05T16:39:31.437Z][MAIN  ][DEBUG][Plugin/network-monitor] ===================================================
[2018-09-05T16:39:31.437Z][MAIN  ][DEBUG][Plugin/network-monitor] [2018-09-05T16:39:31.437Z]
[2018-09-05T16:39:31.437Z][MAIN  ][DEBUG][Plugin/network-monitor] > POST "http://203.104.209.39/kcsapi/api_get_member/questlist"
[2018-09-05T16:39:31.437Z][MAIN  ][DEBUG][Plugin/network-monitor] > params = { api_token: '387903198c04121aa3f13249dbaf5ecf9a9cbfc3',
  api_verno: '1',
  api_page_no: '2',
  api_tab_id: '0' }
[2018-09-05T16:39:31.438Z][MAIN  ][DEBUG][Plugin/network-monitor] > response (json) = { api_result: 1,
  api_result_msg: '成功',
  api_data: 
   { api_count: 45,
     api_completed_kind: 0,
     api_page_count: 9,
     api_disp_page: 2,
     api_list: [ [Object], [Object], [Object], [Object], [Object] ],
     api_exec_count: 4,
     api_exec_type: 2526005 } }
[2018-09-05T16:39:31.438Z][MAIN  ][DEBUG][Plugin/network-monitor] ===================================================
[2018-09-05T16:39:32.217Z][MAIN  ][DEBUG][Plugin/network-monitor] ===================================================
[2018-09-05T16:39:32.217Z][MAIN  ][DEBUG][Plugin/network-monitor] [2018-09-05T16:39:32.217Z]
[2018-09-05T16:39:32.217Z][MAIN  ][DEBUG][Plugin/network-monitor] > POST "http://203.104.209.39/kcsapi/api_get_member/questlist"
[2018-09-05T16:39:32.217Z][MAIN  ][DEBUG][Plugin/network-monitor] > params = { api_token: '387903198c04121aa3f13249dbaf5ecf9a9cbfc3',
  api_verno: '1',
  api_page_no: '3',
  api_tab_id: '0' }
[2018-09-05T16:39:32.218Z][MAIN  ][DEBUG][Plugin/network-monitor] > response (json) = { api_result: 1,
  api_result_msg: '成功',
  api_data: 
   { api_count: 45,
     api_completed_kind: 0,
     api_page_count: 9,
     api_disp_page: 3,
     api_list: [ [Object], [Object], [Object], [Object], [Object] ],
     api_exec_count: 4,
     api_exec_type: 2447215 } }
[2018-09-05T16:39:32.218Z][MAIN  ][DEBUG][Plugin/network-monitor] ===================================================
[2018-09-05T16:39:32.864Z][MAIN  ][DEBUG][Plugin/network-monitor] ===================================================
[2018-09-05T16:39:32.864Z][MAIN  ][DEBUG][Plugin/network-monitor] [2018-09-05T16:39:32.863Z]
[2018-09-05T16:39:32.864Z][MAIN  ][DEBUG][Plugin/network-monitor] > POST "http://203.104.209.39/kcsapi/api_get_member/questlist"
[2018-09-05T16:39:32.864Z][MAIN  ][DEBUG][Plugin/network-monitor] > params = { api_token: '387903198c04121aa3f13249dbaf5ecf9a9cbfc3',
  api_verno: '1',
  api_page_no: '4',
  api_tab_id: '0' }
[2018-09-05T16:39:32.865Z][MAIN  ][DEBUG][Plugin/network-monitor] > response (json) = { api_result: 1,
  api_result_msg: '成功',
  api_data: 
   { api_count: 45,
     api_completed_kind: 0,
     api_page_count: 9,
     api_disp_page: 4,
     api_list: [ [Object], [Object], [Object], [Object], [Object] ],
     api_exec_count: 4,
     api_exec_type: 2362359 } }
[2018-09-05T16:39:32.865Z][MAIN  ][DEBUG][Plugin/network-monitor] ===================================================
[2018-09-05T16:39:35.566Z][MAIN  ][DEBUG][Plugin/network-monitor] ===================================================
[2018-09-05T16:39:35.566Z][MAIN  ][DEBUG][Plugin/network-monitor] [2018-09-05T16:39:35.566Z]
[2018-09-05T16:39:35.566Z][MAIN  ][DEBUG][Plugin/network-monitor] > POST "http://203.104.209.39/kcsapi/api_get_member/questlist"
[2018-09-05T16:39:35.566Z][MAIN  ][DEBUG][Plugin/network-monitor] > params = { api_token: '387903198c04121aa3f13249dbaf5ecf9a9cbfc3',
  api_verno: '1',
  api_page_no: '3',
  api_tab_id: '0' }
[2018-09-05T16:39:35.567Z][MAIN  ][DEBUG][Plugin/network-monitor] > response (json) = { api_result: 1,
  api_result_msg: '成功',
  api_data: 
   { api_count: 45,
     api_completed_kind: 0,
     api_page_count: 9,
     api_disp_page: 3,
     api_list: [ [Object], [Object], [Object], [Object], [Object] ],
     api_exec_count: 4,
     api_exec_type: 2498151 } }
[2018-09-05T16:39:35.567Z][MAIN  ][DEBUG][Plugin/network-monitor] ===================================================
[2018-09-05T16:39:36.529Z][MAIN  ][DEBUG][Plugin/network-monitor] ===================================================
[2018-09-05T16:39:36.529Z][MAIN  ][DEBUG][Plugin/network-monitor] [2018-09-05T16:39:36.529Z]
[2018-09-05T16:39:36.529Z][MAIN  ][DEBUG][Plugin/network-monitor] > POST "http://203.104.209.39/kcsapi/api_get_member/questlist"
[2018-09-05T16:39:36.530Z][MAIN  ][DEBUG][Plugin/network-monitor] > params = { api_token: '387903198c04121aa3f13249dbaf5ecf9a9cbfc3',
  api_verno: '1',
  api_page_no: '1',
  api_tab_id: '0' }
[2018-09-05T16:39:36.530Z][MAIN  ][DEBUG][Plugin/network-monitor] > response (json) = { api_result: 1,
  api_result_msg: '成功',
  api_data: 
   { api_count: 45,
     api_completed_kind: 0,
     api_page_count: 9,
     api_disp_page: 1,
     api_list: [ [Object], [Object], [Object], [Object], [Object] ],
     api_exec_count: 4,
     api_exec_type: 2437286 } }
[2018-09-05T16:39:36.530Z][MAIN  ][DEBUG][Plugin/network-monitor] ===================================================
[2018-09-05T16:39:37.707Z][MAIN  ][DEBUG][Plugin/network-monitor] ===================================================
[2018-09-05T16:39:37.707Z][MAIN  ][DEBUG][Plugin/network-monitor] [2018-09-05T16:39:37.707Z]
[2018-09-05T16:39:37.707Z][MAIN  ][DEBUG][Plugin/network-monitor] > POST "http://203.104.209.39/kcsapi/api_req_quest/start"
[2018-09-05T16:39:37.707Z][MAIN  ][DEBUG][Plugin/network-monitor] > params = { api_token: '387903198c04121aa3f13249dbaf5ecf9a9cbfc3',
  api_verno: '1',
  api_quest_id: '201' }
[2018-09-05T16:39:37.708Z][MAIN  ][DEBUG][Plugin/network-monitor] > response (json) = { api_result: 1, api_result_msg: '成功' }
[2018-09-05T16:39:37.708Z][MAIN  ][DEBUG][Plugin/network-monitor] ===================================================
[2018-09-05T16:39:37.859Z][MAIN  ][DEBUG][Plugin/network-monitor] ===================================================
[2018-09-05T16:39:37.859Z][MAIN  ][DEBUG][Plugin/network-monitor] [2018-09-05T16:39:37.859Z]
[2018-09-05T16:39:37.859Z][MAIN  ][DEBUG][Plugin/network-monitor] > POST "http://203.104.209.39/kcsapi/api_get_member/questlist"
[2018-09-05T16:39:37.859Z][MAIN  ][DEBUG][Plugin/network-monitor] > params = { api_token: '387903198c04121aa3f13249dbaf5ecf9a9cbfc3',
  api_verno: '1',
  api_page_no: '1',
  api_tab_id: '0' }
[2018-09-05T16:39:37.860Z][MAIN  ][DEBUG][Plugin/network-monitor] > response (json) = { api_result: 1,
  api_result_msg: '成功',
  api_data: 
   { api_count: 45,
     api_completed_kind: 0,
     api_page_count: 9,
     api_disp_page: 1,
     api_list: [ [Object], [Object], [Object], [Object], [Object] ],
     api_exec_count: 5,
     api_exec_type: 2497771 } }
[2018-09-05T16:39:37.860Z][MAIN  ][DEBUG][Plugin/network-monitor] ===================================================
[2018-09-05T16:39:39.204Z][MAIN  ][DEBUG][Plugin/network-monitor] ===================================================
[2018-09-05T16:39:39.204Z][MAIN  ][DEBUG][Plugin/network-monitor] [2018-09-05T16:39:39.204Z]
[2018-09-05T16:39:39.204Z][MAIN  ][DEBUG][Plugin/network-monitor] > POST "http://203.104.209.39/kcsapi/api_get_member/questlist"
[2018-09-05T16:39:39.204Z][MAIN  ][DEBUG][Plugin/network-monitor] > params = { api_token: '387903198c04121aa3f13249dbaf5ecf9a9cbfc3',
  api_verno: '1',
  api_page_no: '2',
  api_tab_id: '0' }
[2018-09-05T16:39:39.205Z][MAIN  ][DEBUG][Plugin/network-monitor] > response (json) = { api_result: 1,
  api_result_msg: '成功',
  api_data: 
   { api_count: 45,
     api_completed_kind: 0,
     api_page_count: 9,
     api_disp_page: 2,
     api_list: [ [Object], [Object], [Object], [Object], [Object] ],
     api_exec_count: 5,
     api_exec_type: 2401927 } }
[2018-09-05T16:39:39.205Z][MAIN  ][DEBUG][Plugin/network-monitor] ===================================================
[2018-09-05T16:39:40.221Z][MAIN  ][DEBUG][Plugin/network-monitor] ===================================================
[2018-09-05T16:39:40.221Z][MAIN  ][DEBUG][Plugin/network-monitor] [2018-09-05T16:39:40.221Z]
[2018-09-05T16:39:40.222Z][MAIN  ][DEBUG][Plugin/network-monitor] > POST "http://203.104.209.39/kcsapi/api_req_quest/start"
[2018-09-05T16:39:40.222Z][MAIN  ][DEBUG][Plugin/network-monitor] > params = { api_token: '387903198c04121aa3f13249dbaf5ecf9a9cbfc3',
  api_verno: '1',
  api_quest_id: '214' }
[2018-09-05T16:39:40.222Z][MAIN  ][DEBUG][Plugin/network-monitor] > response (json) = { api_result: 1, api_result_msg: '成功' }
[2018-09-05T16:39:40.222Z][MAIN  ][DEBUG][Plugin/network-monitor] ===================================================
[2018-09-05T16:39:40.372Z][MAIN  ][DEBUG][Plugin/network-monitor] ===================================================
[2018-09-05T16:39:40.372Z][MAIN  ][DEBUG][Plugin/network-monitor] [2018-09-05T16:39:40.371Z]
[2018-09-05T16:39:40.372Z][MAIN  ][DEBUG][Plugin/network-monitor] > POST "http://203.104.209.39/kcsapi/api_get_member/questlist"
[2018-09-05T16:39:40.372Z][MAIN  ][DEBUG][Plugin/network-monitor] > params = { api_token: '387903198c04121aa3f13249dbaf5ecf9a9cbfc3',
  api_verno: '1',
  api_page_no: '2',
  api_tab_id: '0' }
[2018-09-05T16:39:40.372Z][MAIN  ][DEBUG][Plugin/network-monitor] > response (json) = { api_result: 1,
  api_result_msg: '成功',
  api_data: 
   { api_count: 45,
     api_completed_kind: 0,
     api_page_count: 9,
     api_disp_page: 2,
     api_list: [ [Object], [Object], [Object], [Object], [Object] ],
     api_exec_count: 6,
     api_exec_type: 2471517 } }
[2018-09-05T16:39:40.373Z][MAIN  ][DEBUG][Plugin/network-monitor] ===================================================
[2018-09-05T16:39:41.501Z][MAIN  ][DEBUG][Plugin/network-monitor] ===================================================
[2018-09-05T16:39:41.501Z][MAIN  ][DEBUG][Plugin/network-monitor] [2018-09-05T16:39:41.501Z]
[2018-09-05T16:39:41.501Z][MAIN  ][DEBUG][Plugin/network-monitor] > POST "http://203.104.209.39/kcsapi/api_port/port"
[2018-09-05T16:39:41.501Z][MAIN  ][DEBUG][Plugin/network-monitor] > params = { api_token: '387903198c04121aa3f13249dbaf5ecf9a9cbfc3',
  api_verno: '1',
  api_sort_key: '5',
  spi_sort_order: '2',
  api_port: '417484643725583673133127559230' }
[2018-09-05T16:39:41.505Z][MAIN  ][DEBUG][Plugin/network-monitor] > response (json) = { api_result: 1,
  api_result_msg: '成功',
  api_data: 
   { api_material: 
      [],
     api_deck_port: [ [Object], [Object], [Object], [Object] ],
     api_ndock: [ [Object], [Object], [Object], [Object] ],
     api_ship: 
      [                                                                                                                                                                                                                                                                                                                                                                                                                                                                                                                                                                                                                                                                                                                                                                                                                                 ... 162 more items ],
     api_basic: 
      { api_member_id: '18031748',
        api_nickname: 'ニィゥ',
        api_nickname_id: '121728058',
        api_active_flag: 1,
        api_starttime: 1536165329088,
        api_level: 120,
        api_rank: 2,
        api_experience: 30617538,
        api_fleetname: null,
        api_comment: '褒賞がないでも大丈夫ので',
        api_comment_id: '166425539',
        api_max_chara: 270,
        api_max_slotitem: 1197,
        api_max_kagu: 0,
        api_playtime: 0,
        api_tutorial: 0,
        api_furniture: [Array],
        api_count_deck: 4,
        api_count_kdock: 2,
        api_count_ndock: 4,
        api_fcoin: 11500,
        api_st_win: 66667,
        api_st_lose: 4007,
        api_ms_count: 27871,
        api_ms_success: 27630,
        api_pt_win: 10711,
        api_pt_lose: 880,
        api_pt_challenged: 0,
        api_pt_challenged_win: 0,
        api_firstflag: 1,
        api_tutorial_progress: 100,
        api_pvp: [Array],
        api_medals: 13,
        api_large_dock: 1 },
     api_log: [ [Object], [Object], [Object], [Object], [Object], [Object] ],
     api_p_bgm_id: 101,
     api_parallel_quest_count: 6,
     api_dest_ship_slot: 1 } }
[2018-09-05T16:39:41.505Z][MAIN  ][DEBUG][Plugin/network-monitor] ===================================================
[2018-09-05T16:39:43.501Z][MAIN  ][DEBUG][Plugin/network-monitor] ===================================================
[2018-09-05T16:39:43.501Z][MAIN  ][DEBUG][Plugin/network-monitor] [2018-09-05T16:39:43.501Z]
[2018-09-05T16:39:43.501Z][MAIN  ][DEBUG][Plugin/network-monitor] > POST "http://203.104.209.39/kcsapi/api_get_member/mapinfo"
[2018-09-05T16:39:43.501Z][MAIN  ][DEBUG][Plugin/network-monitor] > params = { api_token: '387903198c04121aa3f13249dbaf5ecf9a9cbfc3',
  api_verno: '1' }
[2018-09-05T16:39:43.503Z][MAIN  ][DEBUG][Plugin/network-monitor] > response (json) = { api_result: 1,
  api_result_msg: '成功',
  api_data: 
   { api_map_info: 
      [],
     api_air_base: [ [Object], [Object] ] } }
[2018-09-05T16:39:43.503Z][MAIN  ][DEBUG][Plugin/network-monitor] ===================================================
[2018-09-05T16:39:47.435Z][MAIN  ][DEBUG][Plugin/network-monitor] ===================================================
[2018-09-05T16:39:47.435Z][MAIN  ][DEBUG][Plugin/network-monitor] [2018-09-05T16:39:47.435Z]
[2018-09-05T16:39:47.435Z][MAIN  ][DEBUG][Plugin/network-monitor] > POST "http://203.104.209.39/kcsapi/api_req_map/start"
[2018-09-05T16:39:47.435Z][MAIN  ][DEBUG][Plugin/network-monitor] > params = { api_token: '387903198c04121aa3f13249dbaf5ecf9a9cbfc3',
  api_verno: '1',
  api_maparea_id: '1',
  api_mapinfo_no: '3',
  api_deck_id: '1',
  api_serial_cid: '153616558562984990187' }
[2018-09-05T16:39:47.435Z][MAIN  ][DEBUG][Plugin/network-monitor] > response (json) = { api_result: 1,
  api_result_msg: '成功',
  api_data: 
   { api_cell_data: 
      [],
     api_rashin_flg: 1,
     api_rashin_id: 4,
     api_maparea_id: 1,
     api_mapinfo_no: 3,
     api_no: 1,
     api_color_no: 4,
     api_event_id: 6,
     api_event_kind: 6,
     api_next: 1,
     api_bosscell_no: 10,
     api_bosscomp: 1,
     api_airsearch: { api_plane_type: 0, api_result: 0 },
     api_from_no: 0 } }
[2018-09-05T16:39:47.435Z][MAIN  ][DEBUG][Plugin/network-monitor] ===================================================
[2018-09-05T16:40:03.248Z][MAIN  ][DEBUG][Plugin/network-monitor] ===================================================
[2018-09-05T16:40:03.248Z][MAIN  ][DEBUG][Plugin/network-monitor] [2018-09-05T16:40:03.247Z]
[2018-09-05T16:40:03.248Z][MAIN  ][DEBUG][Plugin/network-monitor] > POST "http://203.104.209.39/kcsapi/api_req_map/next"
[2018-09-05T16:40:03.251Z][MAIN  ][DEBUG][Plugin/network-monitor] > params = { api_token: '387903198c04121aa3f13249dbaf5ecf9a9cbfc3',
  api_verno: '1',
  api_recovery_type: '0' }
[2018-09-05T16:40:03.252Z][MAIN  ][DEBUG][Plugin/network-monitor] > response (json) = { api_result: 1,
  api_result_msg: '成功',
  api_data: 
   { api_rashin_flg: 1,
     api_rashin_id: 4,
     api_maparea_id: 1,
     api_mapinfo_no: 3,
     api_no: 5,
     api_color_no: 4,
     api_event_id: 4,
     api_event_kind: 1,
     api_next: 1,
     api_bosscell_no: 13,
     api_bosscomp: 1,
     api_comment_kind: 0,
     api_production_kind: 0,
     api_airsearch: { api_plane_type: 0, api_result: 0 } } }
[2018-09-05T16:40:03.252Z][MAIN  ][DEBUG][Plugin/network-monitor] ===================================================
[2018-09-05T16:40:30.553Z][MAIN  ][DEBUG][Plugin/network-monitor] ===================================================
[2018-09-05T16:40:30.553Z][MAIN  ][DEBUG][Plugin/network-monitor] [2018-09-05T16:40:30.553Z]
[2018-09-05T16:40:30.553Z][MAIN  ][DEBUG][Plugin/network-monitor] > POST "http://203.104.209.39/kcsapi/api_req_sortie/battle"
[2018-09-05T16:40:30.553Z][MAIN  ][DEBUG][Plugin/network-monitor] > params = { api_token: '387903198c04121aa3f13249dbaf5ecf9a9cbfc3',
  api_verno: '1',
  api_formation: '1',
  api_recovery_type: '0' }
[2018-09-05T16:40:30.554Z][MAIN  ][DEBUG][Plugin/network-monitor] > response (json) = { api_result: 1,
  api_result_msg: '成功',
  api_data: 
   { api_deck_id: 1,
     api_formation: [ 1, 1, 1 ],
     api_f_nowhps: [ 37, 13, 28, 27, 36, 36 ],
     api_f_maxhps: [ 37, 13, 28, 27, 36, 36 ],
     api_fParam: [ [Array], [Array], [Array], [Array], [Array], [Array] ],
     api_ship_ke: [ 1506, 1503, 1503 ],
     api_ship_lv: [ 1, 1, 1 ],
     api_e_nowhps: [ 36, 24, 24 ],
     api_e_maxhps: [ 36, 24, 24 ],
     api_eSlot: [ [Array], [Array], [Array] ],
     api_eParam: [ [Array], [Array], [Array] ],
     api_midnight_flag: 0,
     api_search: [ 1, 1 ],
     api_stage_flag: [ 1, 1, 1 ],
     api_kouku: 
      { api_plane_from: [Array],
        api_stage1:         api_stage2:         api_stage3: [Object] },
     api_support_flag: 0,
     api_support_info: null,
     api_opening_taisen_flag: 0,
     api_opening_taisen: null,
     api_opening_flag: 1,
     api_opening_atack: 
      { api_frai: [Array],
        api_fcl: [Array],
        api_fdam: [Array],
        api_fydam: [Array],
        api_erai: [Array],
        api_ecl: [Array],
        api_edam: [Array],
        api_eydam: [Array] },
     api_hourai_flag: [ 1, 0, 0, 0 ],
     api_hougeki1: 
      { api_at_eflag: [Array],
        api_at_list: [Array],
        api_at_type: [Array],
        api_df_list: [Array],
        api_si_list: [Array],
        api_cl_list: [Array],
        api_damage: [Array] },
     api_hougeki2: null,
     api_hougeki3: null,
     api_raigeki: null } }
[2018-09-05T16:40:30.554Z][MAIN  ][DEBUG][Plugin/network-monitor] ===================================================
[2018-09-05T16:41:07.056Z][MAIN  ][DEBUG][Plugin/network-monitor] ===================================================
[2018-09-05T16:41:07.056Z][MAIN  ][DEBUG][Plugin/network-monitor] [2018-09-05T16:41:07.056Z]
[2018-09-05T16:41:07.056Z][MAIN  ][DEBUG][Plugin/network-monitor] > POST "http://203.104.209.39/kcsapi/api_req_sortie/battleresult"
[2018-09-05T16:41:07.056Z][MAIN  ][DEBUG][Plugin/network-monitor] > params = { api_token: '387903198c04121aa3f13249dbaf5ecf9a9cbfc3',
  api_verno: '1',
  api_btime: '62010785' }
[2018-09-05T16:41:07.057Z][MAIN  ][DEBUG][Plugin/network-monitor] > response (json) = { api_result: 1,
  api_result_msg: '成功',
  api_data: 
   { api_ship_id: [ 1506, 1503, 1503 ],
     api_win_rank: 'S',
     api_get_exp: 30,
     api_mvp: 1,
     api_member_lv: 120,
     api_member_exp: 30617568,
     api_get_base_exp: 80,
     api_get_ship_exp: [ -1, 288, 96, 96, 96, 96, 96 ],
     api_get_exp_lvup: [ [Array], [Array], [Array], [Array], [Array], [Array] ],
     api_dests: 3,
     api_destsf: 1,
     api_quest_name: '製油所地帯沿岸',
     api_quest_level: 2,
     api_enemy_info: { api_level: '', api_rank: '', api_deck_name: '敵前衛艦隊' },
     api_first_clear: 0,
     api_mapcell_incentive: 0,
     api_get_flag: [ 0, 0, 0 ],
     api_get_eventflag: 0,
     api_get_exmap_rate: 0,
     api_get_exmap_useitem_id: 0,
     api_escape_flag: 0,
     api_escape: null } }
[2018-09-05T16:41:07.057Z][MAIN  ][DEBUG][Plugin/network-monitor] ===================================================
[2018-09-05T16:41:43.253Z][MAIN  ][DEBUG][Plugin/network-monitor] ===================================================
[2018-09-05T16:41:43.253Z][MAIN  ][DEBUG][Plugin/network-monitor] [2018-09-05T16:41:43.253Z]
[2018-09-05T16:41:43.253Z][MAIN  ][DEBUG][Plugin/network-monitor] > POST "http://203.104.209.39/kcsapi/api_port/port"
[2018-09-05T16:41:43.253Z][MAIN  ][DEBUG][Plugin/network-monitor] > params = { api_token: '387903198c04121aa3f13249dbaf5ecf9a9cbfc3',
  api_verno: '1',
  api_sort_key: '5',
  spi_sort_order: '2',
  api_port: '057484634551277173460351950066' }
[2018-09-05T16:41:43.262Z][MAIN  ][DEBUG][Plugin/network-monitor] > response (json) = { api_result: 1,
  api_result_msg: '成功',
  api_data: 
   { api_material: 
      [],
     api_deck_port: [ [Object], [Object], [Object], [Object] ],
     api_ndock: [ [Object], [Object], [Object], [Object] ],
     api_ship: 
      [                                                                                                                                                                                                                                                                                                                                                                                                                                                                                                                                                                                                                                                                                                                                                                                                                                 ... 162 more items ],
     api_basic: 
      { api_member_id: '18031748',
        api_nickname: 'ニィゥ',
        api_nickname_id: '121728058',
        api_active_flag: 1,
        api_starttime: 1536165329088,
        api_level: 120,
        api_rank: 2,
        api_experience: 30617568,
        api_fleetname: null,
        api_comment: '褒賞がないでも大丈夫ので',
        api_comment_id: '166425539',
        api_max_chara: 270,
        api_max_slotitem: 1197,
        api_max_kagu: 0,
        api_playtime: 0,
        api_tutorial: 0,
        api_furniture: [Array],
        api_count_deck: 4,
        api_count_kdock: 2,
        api_count_ndock: 4,
        api_fcoin: 11500,
        api_st_win: 66668,
        api_st_lose: 4007,
        api_ms_count: 27871,
        api_ms_success: 27630,
        api_pt_win: 10711,
        api_pt_lose: 880,
        api_pt_challenged: 0,
        api_pt_challenged_win: 0,
        api_firstflag: 1,
        api_tutorial_progress: 100,
        api_pvp: [Array],
        api_medals: 13,
        api_large_dock: 1 },
     api_log: [ [Object], [Object], [Object], [Object], [Object], [Object] ],
     api_p_bgm_id: 101,
     api_parallel_quest_count: 6,
     api_dest_ship_slot: 1 } }
[2018-09-05T16:41:43.263Z][MAIN  ][DEBUG][Plugin/network-monitor] ===================================================
[2018-09-05T16:41:43.408Z][MAIN  ][DEBUG][Plugin/network-monitor] ===================================================
[2018-09-05T16:41:43.408Z][MAIN  ][DEBUG][Plugin/network-monitor] [2018-09-05T16:41:43.407Z]
[2018-09-05T16:41:43.408Z][MAIN  ][DEBUG][Plugin/network-monitor] > POST "http://203.104.209.39/kcsapi/api_get_member/slot_item"
[2018-09-05T16:41:43.408Z][MAIN  ][DEBUG][Plugin/network-monitor] > params = { api_token: '387903198c04121aa3f13249dbaf5ecf9a9cbfc3',
  api_verno: '1' }
[2018-09-05T16:41:43.412Z][MAIN  ][DEBUG][Plugin/network-monitor] > response (json) = { api_result: 1,
  api_result_msg: '成功',
  api_data: 
   [ { api_id: 1, api_slotitem_id: 42, api_locked: 0, api_level: 0 },
     { api_id: 59, api_slotitem_id: 90, api_locked: 1, api_level: 7 },
     { api_id: 87, api_slotitem_id: 30, api_locked: 0, api_level: 0 },
     { api_id: 151,
       api_slotitem_id: 59,
       api_locked: 1,
       api_level: 0,
       api_alv: 7 },
     { api_id: 159, api_slotitem_id: 41, api_locked: 0, api_level: 0 },
     { api_id: 160, api_slotitem_id: 41, api_locked: 0, api_level: 0 },
     { api_id: 240, api_slotitem_id: 41, api_locked: 0, api_level: 0 },
     { api_id: 241, api_slotitem_id: 41, api_locked: 0, api_level: 0 },
     { api_id: 284,
       api_slotitem_id: 59,
       api_locked: 1,
       api_level: 0,
       api_alv: 7 },
     { api_id: 335, api_slotitem_id: 75, api_locked: 0, api_level: 0 },
     { api_id: 393,
       api_slotitem_id: 53,
       api_locked: 1,
       api_level: 0,
       api_alv: 7 },
     { api_id: 422,
       api_slotitem_id: 24,
       api_locked: 0,
       api_level: 0,
       api_alv: 7 },
     { api_id: 544, api_slotitem_id: 86, api_locked: 1, api_level: 0 },
     { api_id: 682, api_slotitem_id: 33, api_locked: 1, api_level: 0 },
     { api_id: 684, api_slotitem_id: 35, api_locked: 1, api_level: 0 },
     { api_id: 689, api_slotitem_id: 33, api_locked: 1, api_level: 0 },
     { api_id: 831, api_slotitem_id: 45, api_locked: 1, api_level: 4 },
     { api_id: 841, api_slotitem_id: 45, api_locked: 1, api_level: 4 },
     { api_id: 882,
       api_slotitem_id: 60,
       api_locked: 0,
       api_level: 0,
       api_alv: 3 },
     { api_id: 1181, api_slotitem_id: 35, api_locked: 1, api_level: 0 },
     { api_id: 1355, api_slotitem_id: 45, api_locked: 1, api_level: 4 },
     { api_id: 1472,
       api_slotitem_id: 36,
       api_locked: 1,
       api_level: 10 },
     { api_id: 1644,
       api_slotitem_id: 57,
       api_locked: 1,
       api_level: 0,
       api_alv: 7 },
     { api_id: 1645,
       api_slotitem_id: 52,
       api_locked: 1,
       api_level: 0,
       api_alv: 7 },
     { api_id: 1670, api_slotitem_id: 42, api_locked: 0, api_level: 0 },
     { api_id: 1678,
       api_slotitem_id: 57,
       api_locked: 1,
       api_level: 0,
       api_alv: 7 },
     { api_id: 1686,
       api_slotitem_id: 22,
       api_locked: 1,
       api_level: 0,
       api_alv: 7 },
     { api_id: 1788, api_slotitem_id: 75, api_locked: 0, api_level: 0 },
     { api_id: 1839,
       api_slotitem_id: 36,
       api_locked: 1,
       api_level: 10 },
     { api_id: 1914, api_slotitem_id: 75, api_locked: 0, api_level: 0 },
     { api_id: 2092, api_slotitem_id: 68, api_locked: 1, api_level: 0 },
     { api_id: 2181, api_slotitem_id: 41, api_locked: 0, api_level: 0 },
     { api_id: 2234,
       api_slotitem_id: 54,
       api_locked: 1,
       api_level: 0,
       api_alv: 7 },
     { api_id: 2235,
       api_slotitem_id: 24,
       api_locked: 0,
       api_level: 0,
       api_alv: 7 },
     { api_id: 2247,
       api_slotitem_id: 60,
       api_locked: 0,
       api_level: 0,
       api_alv: 7 },
     { api_id: 2248,
       api_slotitem_id: 22,
       api_locked: 1,
       api_level: 0,
       api_alv: 7 },
     { api_id: 2289,
       api_slotitem_id: 54,
       api_locked: 1,
       api_level: 0,
       api_alv: 7 },
     { api_id: 2312,
       api_slotitem_id: 60,
       api_locked: 0,
       api_level: 0,
       api_alv: 2 },
     { api_id: 2335,
       api_slotitem_id: 57,
       api_locked: 1,
       api_level: 0,
       api_alv: 7 },
     { api_id: 2338,
       api_slotitem_id: 18,
       api_locked: 0,
       api_level: 0,
       api_alv: 7 },
     { api_id: 2401,
       api_slotitem_id: 52,
       api_locked: 1,
       api_level: 0,
       api_alv: 7 },
     { api_id: 2429,
       api_slotitem_id: 64,
       api_locked: 1,
       api_level: 0,
       api_alv: 7 },
     { api_id: 2452,
       api_slotitem_id: 60,
       api_locked: 0,
       api_level: 0,
       api_alv: 2 },
     { api_id: 2474,
       api_slotitem_id: 54,
       api_locked: 1,
       api_level: 0,
       api_alv: 7 },
     { api_id: 2661, api_slotitem_id: 75, api_locked: 0, api_level: 0 },
     { api_id: 2719,
       api_slotitem_id: 52,
       api_locked: 1,
       api_level: 0,
       api_alv: 7 },
     { api_id: 2754, api_slotitem_id: 35, api_locked: 1, api_level: 0 },
     { api_id: 2783,
       api_slotitem_id: 22,
       api_locked: 1,
       api_level: 0,
       api_alv: 7 },
     { api_id: 2833,
       api_slotitem_id: 104,
       api_locked: 1,
       api_level: 0 },
     { api_id: 2834,
       api_slotitem_id: 104,
       api_locked: 1,
       api_level: 0 },
     { api_id: 2835, api_slotitem_id: 35, api_locked: 1, api_level: 0 },
     { api_id: 2876,
       api_slotitem_id: 22,
       api_locked: 1,
       api_level: 0,
       api_alv: 7 },
     { api_id: 2922, api_slotitem_id: 86, api_locked: 1, api_level: 0 },
     { api_id: 2938,
       api_slotitem_id: 52,
       api_locked: 1,
       api_level: 0,
       api_alv: 7 },
     { api_id: 3093,
       api_slotitem_id: 18,
       api_locked: 0,
       api_level: 0,
       api_alv: 7 },
     { api_id: 3257, api_slotitem_id: 34, api_locked: 1, api_level: 0 },
     { api_id: 3293, api_slotitem_id: 71, api_locked: 1, api_level: 0 },
     { api_id: 3339, api_slotitem_id: 8, api_locked: 1, api_level: 8 },
     { api_id: 3354,
       api_slotitem_id: 105,
       api_locked: 1,
       api_level: 7 },
     { api_id: 3355,
       api_slotitem_id: 106,
       api_locked: 1,
       api_level: 0 },
     { api_id: 3356,
       api_slotitem_id: 108,
       api_locked: 1,
       api_level: 0 },
     { api_id: 3440, api_slotitem_id: 31, api_locked: 1, api_level: 0 },
     { api_id: 3441, api_slotitem_id: 72, api_locked: 1, api_level: 0 },
     { api_id: 3472, api_slotitem_id: 29, api_locked: 1, api_level: 0 },
     { api_id: 3519, api_slotitem_id: 68, api_locked: 1, api_level: 0 },
     { api_id: 3612, api_slotitem_id: 58, api_locked: 1, api_level: 6 },
     { api_id: 3614, api_slotitem_id: 87, api_locked: 1, api_level: 0 },
     { api_id: 3619, api_slotitem_id: 70, api_locked: 1, api_level: 0 },
     { api_id: 3620, api_slotitem_id: 69, api_locked: 1, api_level: 0 },
     { api_id: 3702,
       api_slotitem_id: 101,
       api_locked: 1,
       api_level: 0 },
     { api_id: 3704,
       api_slotitem_id: 102,
       api_locked: 1,
       api_level: 5,
       api_alv: 7 },
     { api_id: 3709, api_slotitem_id: 29, api_locked: 1, api_level: 0 },
     { api_id: 3710, api_slotitem_id: 29, api_locked: 1, api_level: 0 },
     { api_id: 3902,
       api_slotitem_id: 52,
       api_locked: 1,
       api_level: 0,
       api_alv: 7 },
     { api_id: 3903,
       api_slotitem_id: 22,
       api_locked: 1,
       api_level: 0,
       api_alv: 7 },
     { api_id: 3959, api_slotitem_id: 41, api_locked: 0, api_level: 0 },
     { api_id: 4210, api_slotitem_id: 75, api_locked: 0, api_level: 0 },
     { api_id: 4214, api_slotitem_id: 70, api_locked: 1, api_level: 0 },
     { api_id: 4215, api_slotitem_id: 69, api_locked: 1, api_level: 0 },
     { api_id: 4333, api_slotitem_id: 63, api_locked: 1, api_level: 0 },
     { api_id: 4345,
       api_slotitem_id: 57,
       api_locked: 1,
       api_level: 0,
       api_alv: 7 },
     { api_id: 4622, api_slotitem_id: 75, api_locked: 0, api_level: 0 },
     { api_id: 4642, api_slotitem_id: 75, api_locked: 0, api_level: 0 },
     { api_id: 4806,
       api_slotitem_id: 79,
       api_locked: 1,
       api_level: 0,
       api_alv: 7 },
     { api_id: 4809,
       api_slotitem_id: 157,
       api_locked: 1,
       api_level: 0,
       api_alv: 7 },
     { api_id: 4810,
       api_slotitem_id: 97,
       api_locked: 1,
       api_level: 0,
       api_alv: 7 },
     { api_id: 4811,
       api_slotitem_id: 94,
       api_locked: 1,
       api_level: 0,
       api_alv: 7 },
     { api_id: 4850,
       api_slotitem_id: 79,
       api_locked: 1,
       api_level: 0,
       api_alv: 7 },
     { api_id: 4863, api_slotitem_id: 95, api_locked: 1, api_level: 0 },
     { api_id: 4959, api_slotitem_id: 75, api_locked: 0, api_level: 0 },
     { api_id: 5017,
       api_slotitem_id: 152,
       api_locked: 1,
       api_level: 0,
       api_alv: 7 },
     { api_id: 5018,
       api_slotitem_id: 100,
       api_locked: 1,
       api_level: 0,
       api_alv: 7 },
     { api_id: 5019,
       api_slotitem_id: 98,
       api_locked: 1,
       api_level: 0,
       api_alv: 7 },
     { api_id: 5020,
       api_slotitem_id: 61,
       api_locked: 1,
       api_level: 0,
       api_alv: 7 },
     { api_id: 5063, api_slotitem_id: 50, api_locked: 1, api_level: 6 },
     { api_id: 5065,
       api_slotitem_id: 79,
       api_locked: 1,
       api_level: 0,
       api_alv: 7 },
     { api_id: 5107,
       api_slotitem_id: 110,
       api_locked: 1,
       api_level: 0,
       api_alv: 7 },
     { api_id: 5108,
       api_slotitem_id: 111,
       api_locked: 1,
       api_level: 0,
       api_alv: 7 },
     { api_id: 5109,
       api_slotitem_id: 112,
       api_locked: 1,
       api_level: 0,
       api_alv: 7 },
     { api_id: 5115,
       api_slotitem_id: 108,
       api_locked: 1,
       api_level: 0 },
     ... 1059 more items ] }
[2018-09-05T16:41:43.413Z][MAIN  ][DEBUG][Plugin/network-monitor] ===================================================
[2018-09-05T16:41:43.537Z][MAIN  ][DEBUG][Plugin/network-monitor] ===================================================
[2018-09-05T16:41:43.537Z][MAIN  ][DEBUG][Plugin/network-monitor] [2018-09-05T16:41:43.537Z]
[2018-09-05T16:41:43.537Z][MAIN  ][DEBUG][Plugin/network-monitor] > POST "http://203.104.209.39/kcsapi/api_get_member/unsetslot"
[2018-09-05T16:41:43.537Z][MAIN  ][DEBUG][Plugin/network-monitor] > params = { api_token: '387903198c04121aa3f13249dbaf5ecf9a9cbfc3',
  api_verno: '1' }
[2018-09-05T16:41:43.538Z][MAIN  ][DEBUG][Plugin/network-monitor] > response (json) = { api_result: 1,
  api_result_msg: '成功',
  api_data: 
   { api_slottype22: 
      [ 240,
        13373,
        35494,
        35176,
        41981,
        14215,
        36483,
        23406,
        14216,
        43262,
        40480,
        31611,
        3959 ],
     api_slottype7: 
      [ 45988,
        48225,
        44433,
        45429,
        51155,
        48224,
        46524,
        48284,
        422,
        18570,
        51524,
        48471,
        46983,
        51523,
        52056,
        50151,
        48962,
        48966,
        2235,
        23820,
        25390,
        48484,
        1678,
        47762,
        4345,
        30782,
        1644,
        30838,
        2335,
        7195,
        882,
        2312,
        31121,
        2247,
        11940,
        30972,
        2452,
        30884,
        31115,
        20501,
        2429,
        9811,
        18730,
        17929,
        4810,
        37033,
        25407,
        23823,
        17532,
        52486,
        31027,
        39015,
        39505,
        5018,
        5108,
        9828,
        11670,
        13222,
        34403,
        34782,
        44140,
        51669,
        43411,
        43742,
        48875,
        51515 ],
     api_slottype35: [ 3356, 5115, 48873, 44707, 44711 ],
     api_slottype26: [ 3619, 4214, 9392, 19893 ],
     api_slottype12: 
      [ 38365,
        38263,
        49392,
        49204,
        9292,
        11477,
        3709,
        3472,
        10737,
        37351,
        9036,
        7040,
        3710,
        36987,
        6922,
        10986,
        22307,
        9124,
        13782,
        15613,
        7294,
        12408,
        20515,
        49085,
        3355,
        6371,
        12651,
        17817,
        24022,
        49944,
        15838 ],
     api_slottype11: 
      [ 48486,
        50319,
        50519,
        51740,
        48446,
        42841,
        48261,
        48262,
        31035,
        50402,
        51114,
        45545,
        49205,
        49393,
        42723,
        42873,
        45116,
        6111,
        5199,
        5065,
        18439,
        4850,
        4806,
        8384,
        8920,
        34558,
        42775,
        43435,
        34557,
        37129,
        42421 ],
     api_slottype8: 
      [ 48614,
        48354,
        48152,
        48321,
        48222,
        48260,
        51156,
        47331,
        48349,
        49007,
        50154,
        46982,
        51115,
        51113,
        50156,
        14568,
        30978,
        7234,
        18998,
        46706,
        7079,
        31124,
        45427,
        11998,
        2338,
        48591,
        48479,
        3093,
        48312,
        18430,
        48447,
        48485,
        34037,
        48442,
        3902,
        45428,
        1645,
        48590,
        2401,
        2719,
        2938,
        47397,
        48151,
        48892,
        37034,
        17930,
        9812,
        18731,
        4811,
        17533,
        25408,
        23824,
        39853,
        11374,
        31028,
        52487,
        5019,
        39016,
        39506,
        9829,
        5109,
        9491,
        11691,
        12397,
        14092,
        15901,
        32992,
        34404,
        34677,
        45825,
        43306,
        51822,
        43743,
        45824,
        43412,
        43741,
        44141 ],
     api_slottype14: 
      [ 42007,
        49597,
        48383,
        47018,
        47479,
        42062,
        50354,
        11037,
        12129,
        10478,
        33715,
        9657,
        18265,
        19466,
        37130,
        28270,
        50146 ],
     api_slottype38: [ 11639, 48637, 9492, 49225 ],
     api_slottype37: [ 11673, 9529, 33745, 9530, 27249 ],
     api_slottype3: 
      [ 50859,
        47233,
        52070,
        21281,
        52382,
        51160,
        52398,
        21437,
        40481,
        42495,
        8072,
        7990,
        6352,
        6531,
        24695,
        2833,
        2834,
        8381,
        3354,
        30199,
        51512,
        8151,
        8355,
        8354,
        35809,
        11722,
        11748,
        41810,
        12168,
        11742,
        27784,
        49856,
        49174,
        35218,
        33333,
        32280,
        41825,
        49255,
        41824,
        49254,
        49325,
        49324,
        52490,
        43275,
        42420,
        43454,
        52267 ],
     api_slottype28: [ 7437, 42283, 8873, 10676, 36387, 9265, 11724, 11692, 11750, 41812 ],
     api_slottype1: 
      [ 51192,
        49943,
        6216,
        6392,
        8440,
        14635,
        4333,
        12923,
        9142,
        20514,
        14637,
        5848,
        13410,
        12650,
        49904,
        20246,
        12494,
        12406,
        12128,
        15860,
        13781,
        15861,
        22068,
        47253,
        14883,
        15612,
        7385,
        7356,
        43961,
        14600,
        42962,
        14599,
        43876,
        49596,
        50353,
        48531,
        49694,
        42867,
        51262,
        46161,
        50012,
        46883,
        52264,
        48232,
        49928,
        52509,
        52032,
        48722,
        48928,
        48922,
        50145,
        48874,
        49720,
        48926,
        49336,
        50337 ],
     api_slottype44: 
      [ 14192,
        19644,
        14194,
        34553,
        47242,
        47243,
        14282,
        14377,
        14193,
        43410,
        34556,
        37750,
        37752,
        43408,
        14375,
        49991,
        14196,
        14289,
        23512,
        34051,
        47550 ],
     api_slottype41: [ 16861, 11743, 11838, 35536, 27499 ],
     api_slottype2: 
      [ 48402,
        50887,
        48389,
        49341,
        49269,
        49356,
        49187,
        50885,
        49616,
        44761,
        9694,
        50925,
        10312,
        47731,
        50893,
        9874,
        42839,
        5063,
        27623,
        50517,
        5197,
        20657,
        50317,
        38066,
        9058,
        40728,
        48546,
        19751,
        41901,
        48931,
        49969,
        49606,
        40132,
        41886,
        48279,
        50923,
        17056,
        9314,
        12358,
        21294,
        10423,
        9315,
        59,
        12359,
        22351,
        22350,
        10983,
        17057,
        20216,
        13250,
        42357,
        33183,
        7810,
        7425,
        32766,
        20160,
        23514,
        23578,
        41466,
        27353,
        29341,
        40420,
        7045 ],
     api_slottype6: 
      [ 48709,
        49245,
        49587,
        49619,
        49593,
        48544,
        48965,
        49558,
        49658,
        49230,
        49925,
        50152,
        48320,
        49625,
        49938,
        50196,
        50158,
        50155,
        51154,
        51111,
        51116,
        50446,
        51112,
        52055,
        45989,
        48314,
        48497,
        30794,
        1686,
        3903,
        6370,
        7196,
        11997,
        393,
        51158,
        50157,
        51157,
        17531,
        17928,
        37032,
        25406,
        11372,
        39851,
        52485,
        9810,
        18729,
        39504,
        31026,
        23822,
        34659,
        18949,
        9827,
        5107,
        9441,
        5017,
        4809,
        20500,
        19643,
        48316,
        48963,
        50153,
        48500,
        49006,
        32046,
        32991,
        32279,
        34676,
        34781,
        34675,
        49226,
        44706,
        48618,
        47330,
        47236,
        41656,
        51821,
        43548,
        35808,
        47704 ],
     api_slottype10: 
      [ 48906,
        48227,
        48315,
        47732,
        48592,
        49238,
        50926,
        48287,
        46815,
        45991,
        47729,
        49271,
        48076,
        49188,
        50863,
        47807,
        48387,
        19308,
        47147,
        23472,
        38381,
        7593,
        37603,
        37616,
        35175,
        12088,
        34536,
        151,
        15113,
        284,
        3704,
        32767,
        7426,
        8357,
        24697,
        36448,
        23577,
        49859,
        29202,
        42868,
        47158 ],
     api_slottype4: 
      [ 47130,
        21105,
        48536,
        50860,
        49467,
        48534,
        38806,
        48280,
        35648,
        49545,
        49544,
        43360,
        42282,
        3293,
        11999,
        49342,
        13858,
        49270,
        49237,
        12184,
        11693,
        11749,
        12169,
        11723,
        41811,
        11726,
        12185,
        12170,
        20502,
        19980,
        27785,
        49175,
        29200,
        49857,
        52268,
        48639 ],
     api_slottype15: 
      [ 41571,
        48602,
        49695,
        47254,
        48998,
        19765,
        20019,
        20034,
        47165,
        48532,
        20219,
        35609,
        41658,
        19760,
        34577,
        48543,
        22069,
        52510,
        831,
        52489,
        52034,
        49598,
        47157,
        48999,
        50301,
        51264,
        51151,
        51263,
        41538,
        43877,
        50194,
        50355,
        43305,
        51104,
        41595,
        43363,
        48572,
        47199,
        50685 ],
     api_slottype5: 
      [ 40581,
        48404,
        26535,
        27434,
        30553,
        37591,
        6788,
        32232,
        30552,
        52265,
        27435,
        37172,
        11016,
        25152,
        26428,
        32017,
        52266,
        7029,
        48507,
        42145,
        9170,
        25069,
        41429,
        48326,
        3612,
        40136,
        42748,
        48158,
        43267,
        49145,
        47131,
        23945,
        31600,
        28228,
        27549,
        34613,
        37755,
        27186,
        35449,
        43366,
        48927,
        49721,
        51103 ],
     api_slottype47: 
      [ 40263,
        27165,
        35552,
        27350,
        27500,
        29252,
        34050,
        43488,
        31968,
        34627,
        32092,
        41684,
        47202,
        48530,
        47246 ],
     api_slottype9: 
      [ 2289,
        2474,
        2234,
        48309,
        31029,
        17534,
        39854,
        11375,
        5020,
        52488,
        7138,
        39017,
        23825,
        25409,
        39507,
        37813 ],
     api_slottype13: 
      [ 38685,
        42840,
        37079,
        42990,
        11060,
        37557,
        39312,
        43899,
        24076,
        87,
        37170,
        42872,
        50518,
        47132,
        47770,
        51739,
        50318,
        50401,
        43268,
        10443,
        9317,
        11478,
        37078,
        18715,
        8823,
        9298,
        10802,
        11289,
        37226,
        38469,
        33185,
        11841,
        49014 ],
     api_slottype17: 
      [ 15875,
        49337,
        15807,
        49722,
        40147,
        49338,
        3257,
        49723,
        13412,
        13639,
        37770,
        38652,
        3614,
        48640 ],
     api_slottype21: 
      [ 51091,
        51258,
        51851,
        52337,
        51078,
        51861,
        51088,
        52344,
        51193,
        48234,
        51514,
        52511,
        48548,
        50341,
        50684,
        50876,
        52057,
        50273,
        50274,
        51525,
        51513,
        51526,
        7882,
        33184,
        8153,
        7811,
        8356,
        19182,
        8152,
        48395,
        10424,
        24149,
        24192,
        49858,
        29201,
        27187,
        32091,
        35219,
        51823,
        40916,
        50710 ],
     api_slottype43: 
      [ 42514,
        45843,
        47718,
        49748,
        50516,
        41592,
        48033,
        31965,
        34400,
        38672,
        43303,
        43929,
        50163,
        43930,
        48042,
        48043,
        47154,
        47155,
        48529,
        50164,
        51045,
        52219,
        33416,
        34089,
        35178,
        41561,
        43885,
        44119,
        47621,
        48528,
        50396,
        37292,
        43053,
        47047,
        47620,
        48426,
        48893,
        13872,
        31966,
        32860,
        51044,
        43165,
        43304,
        39790,
        47156,
        48929,
        48930,
        49886,
        51005,
        51905,
        18392,
        18395,
        34015,
        50875,
        18396,
        43127 ],
     api_slottype31: [ 47948 ],
     api_slottype48: 
      [ 34380,
        27352,
        48125,
        27220,
        27351,
        34381,
        32012,
        47767,
        48626,
        47245,
        41351,
        41539,
        41596,
        41654,
        41823,
        43364,
        43453,
        43489,
        49224 ],
     api_slottype30: 
      [ 1914,
        10680,
        27714,
        2661,
        6721,
        24713,
        13364,
        11928,
        12800,
        13454,
        35186,
        27389,
        48118,
        11225,
        24751 ],
     api_slottype25: [ 4215, 19894, 9393, 3620 ],
     api_slottype27: [ 6629, 9151, 3441, 8875, 41467, 9266, 36250, 37228, 43012, 47499 ],
     api_slottype36: [ 7384, 11589, 13910, 12652, 11669, 17816 ],
     api_slottype39: [ 23941, 10984, 10335, 40687, 12991 ],
     api_slottype45: [ 29342, 40421, 41465, 24800, 18064 ],
     api_slottype57: [ 40262 ],
     api_slottype18: [ 2754, 15707, 1181, 15777, 684, 10458, 2835 ],
     api_slottype94: [ 35225 ],
     api_slottype29: [ 46884, 35595, 35597, 37661 ],
     api_slottype23: [ 49026, 1670, 1, 48980, 48979, 48041, 48977, 48978, 49012 ],
     api_slottype19: [ 7099, 1472, 1839, 7042, 6544, 15431 ],
     api_slottype34: [ 7293, 15837, 47244 ],
     api_slottype33: [ 26536, 3702, 12924 ],
     api_slottype42: [ 12495 ],
     api_slottype24: [ 41655 ] } }
[2018-09-05T16:41:43.540Z][MAIN  ][DEBUG][Plugin/network-monitor] ===================================================
[2018-09-05T16:41:43.642Z][MAIN  ][DEBUG][Plugin/network-monitor] ===================================================
[2018-09-05T16:41:43.642Z][MAIN  ][DEBUG][Plugin/network-monitor] [2018-09-05T16:41:43.642Z]
[2018-09-05T16:41:43.642Z][MAIN  ][DEBUG][Plugin/network-monitor] > POST "http://203.104.209.39/kcsapi/api_get_member/useitem"
[2018-09-05T16:41:43.642Z][MAIN  ][DEBUG][Plugin/network-monitor] > params = { api_token: '387903198c04121aa3f13249dbaf5ecf9a9cbfc3',
  api_verno: '1' }
[2018-09-05T16:41:43.643Z][MAIN  ][DEBUG][Plugin/network-monitor] > response (json) = { api_result: 1,
  api_result_msg: '成功',
  api_data: 
   [ { api_id: 10, api_count: 74 },
     { api_id: 11, api_count: 22 },
     { api_id: 12, api_count: 4 },
     { api_id: 54, api_count: 4 },
     { api_id: 56, api_count: 1 },
     { api_id: 57, api_count: 23 },
     { api_id: 59, api_count: 9 },
     { api_id: 60, api_count: 3 },
     { api_id: 61, api_count: 13 },
     { api_id: 62, api_count: 1 },
     { api_id: 64, api_count: 2 },
     { api_id: 65, api_count: 4 },
     { api_id: 70, api_count: 14 },
     { api_id: 71, api_count: 1 },
     { api_id: 75, api_count: 4 },
     { api_id: 77, api_count: 5 },
     { api_id: 78, api_count: 2 },
     { api_id: 79, api_count: 1 },
     { api_id: 81, api_count: 1 } ] }
[2018-09-05T16:41:43.643Z][MAIN  ][DEBUG][Plugin/network-monitor] ===================================================
[2018-09-05T16:41:45.764Z][MAIN  ][DEBUG][Plugin/network-monitor] ===================================================
[2018-09-05T16:41:45.764Z][MAIN  ][DEBUG][Plugin/network-monitor] [2018-09-05T16:41:45.764Z]
[2018-09-05T16:41:45.764Z][MAIN  ][DEBUG][Plugin/network-monitor] > POST "http://203.104.209.39/kcsapi/api_req_hokyu/charge"
[2018-09-05T16:41:45.765Z][MAIN  ][DEBUG][Plugin/network-monitor] > params = { api_token: '387903198c04121aa3f13249dbaf5ecf9a9cbfc3',
  api_verno: '1',
  api_kind: '3',
  api_id_items: '24890,16425,39,29,1258,8670',
  api_onslot: '1' }
[2018-09-05T16:41:45.765Z][MAIN  ][DEBUG][Plugin/network-monitor] > response (json) = { api_result: 1,
  api_result_msg: '成功',
  api_data: 
   { api_ship: [ [Object], [Object], [Object], [Object], [Object], [Object] ],
     api_material: [ 224417, 128655, 179672, 67501 ],
     api_use_bou: 0 } }
[2018-09-05T16:41:45.765Z][MAIN  ][DEBUG][Plugin/network-monitor] ===================================================
[2018-09-05T16:41:47.809Z][MAIN  ][DEBUG][Plugin/network-monitor] ===================================================
[2018-09-05T16:41:47.809Z][MAIN  ][DEBUG][Plugin/network-monitor] [2018-09-05T16:41:47.809Z]
[2018-09-05T16:41:47.809Z][MAIN  ][DEBUG][Plugin/network-monitor] > POST "http://203.104.209.39/kcsapi/api_port/port"
[2018-09-05T16:41:47.809Z][MAIN  ][DEBUG][Plugin/network-monitor] > params = { api_token: '387903198c04121aa3f13249dbaf5ecf9a9cbfc3',
  api_verno: '1',
  api_sort_key: '5',
  spi_sort_order: '2',
  api_port: '497484638426081391507157249089' }
[2018-09-05T16:41:47.813Z][MAIN  ][DEBUG][Plugin/network-monitor] > response (json) = { api_result: 1,
  api_result_msg: '成功',
  api_data: 
   { api_material: 
      [],
     api_deck_port: [ [Object], [Object], [Object], [Object] ],
     api_ndock: [ [Object], [Object], [Object], [Object] ],
     api_ship: 
      [                                                                                                                                                                                                                                                                                                                                                                                                                                                                                                                                                                                                                                                                                                                                                                                                                                 ... 162 more items ],
     api_basic: 
      { api_member_id: '18031748',
        api_nickname: 'ニィゥ',
        api_nickname_id: '121728058',
        api_active_flag: 1,
        api_starttime: 1536165329088,
        api_level: 120,
        api_rank: 2,
        api_experience: 30617568,
        api_fleetname: null,
        api_comment: '褒賞がないでも大丈夫ので',
        api_comment_id: '166425539',
        api_max_chara: 270,
        api_max_slotitem: 1197,
        api_max_kagu: 0,
        api_playtime: 0,
        api_tutorial: 0,
        api_furniture: [Array],
        api_count_deck: 4,
        api_count_kdock: 2,
        api_count_ndock: 4,
        api_fcoin: 11500,
        api_st_win: 66668,
        api_st_lose: 4007,
        api_ms_count: 27871,
        api_ms_success: 27630,
        api_pt_win: 10711,
        api_pt_lose: 880,
        api_pt_challenged: 0,
        api_pt_challenged_win: 0,
        api_firstflag: 1,
        api_tutorial_progress: 100,
        api_pvp: [Array],
        api_medals: 13,
        api_large_dock: 1 },
     api_log: [ [Object], [Object], [Object], [Object], [Object], [Object] ],
     api_p_bgm_id: 101,
     api_parallel_quest_count: 6,
     api_dest_ship_slot: 1 } }
[2018-09-05T16:41:47.814Z][MAIN  ][DEBUG][Plugin/network-monitor] ===================================================
@END 2018-09-05T16:41:49.310Z
